<?xml version="1.0" encoding="UTF-8"?>
<!-- Generated by org.testng.reporters.JUnitReportReporter -->
<testsuite skipped="0" hostname="PPrabhune-LPT" name="devops.vdit.testmaven.Maven.MyFirstMavenTest" tests="1" failures="0" timestamp="22 Mar 2018 10:31:39 GMT" time="55.571" errors="0">
  <testcase name="SeleniumTutorialTest1" time="55.571" classname="devops.vdit.testmaven.Maven.MyFirstMavenTest"/>
</testsuite> <!-- devops.vdit.testmaven.Maven.MyFirstMavenTest -->
