<?xml version="1.0" encoding="UTF-8"?>
<!-- Generated by org.testng.reporters.JUnitReportReporter -->
<testsuite skipped="0" hostname="PPrabhune-LPT" name="devops.vdit.testmaven.Maven.AppTest" tests="1" failures="0" timestamp="22 Mar 2018 10:31:40 GMT" time="0.002" errors="0">
  <testcase name="testApp" time="0.002" classname="devops.vdit.testmaven.Maven.AppTest"/>
</testsuite> <!-- devops.vdit.testmaven.Maven.AppTest -->
